2025-12-13 21:08:26, MOVE, v:1, k:poo@shapes, mode:PICK
2025-12-13 22:26:49, EXEC, v:1, k:poo@shapes, mode:FREE, size:0
2025-12-13 22:39:59, EXEC, v:1, k:poo@shapes, mode:FULL, rate:0
2025-12-13 22:46:04, EXEC, v:1, k:poo@shapes, mode:FULL, rate:0
2025-12-13 22:46:33, MOVE, v:1, k:poo@shapes, mode:BACK
2025-12-13 22:46:34, MOVE, v:1, k:poo@shapes, mode:PICK
2025-12-13 22:46:35, EXEC, v:1, k:poo@shapes, mode:FREE
2025-12-13 22:50:39, EXEC, v:1, k:poo@shapes, mode:FULL, rate:20, size:102
2025-12-13 23:02:09, EXEC, v:1, k:poo@shapes, mode:FULL, rate:20
2025-12-13 23:02:12, EXEC, v:1, k:poo@shapes, mode:FULL, rate:20, size:102
2025-12-13 23:02:40, EXEC, v:1, k:poo@shapes, mode:FULL, rate:20, size:102
2025-12-13 23:03:08, EXEC, v:1, k:poo@shapes, mode:FULL, rate:60, size:102
2025-12-13 23:03:26, EXEC, v:1, k:poo@shapes, mode:FULL, rate:80, size:102
2025-12-13 23:03:58, EXEC, v:1, k:poo@shapes, mode:FULL, rate:100, size:102
2025-12-13 23:04:02, MOVE, v:1, k:poo@shapes, mode:BACK
2025-12-13 23:04:19, MOVE, v:1, k:poo@pagamento, mode:PICK
2025-12-13 23:04:20, EXEC, v:1, k:poo@pagamento, mode:LOCK, rate:0
2025-12-13 23:04:29, EXEC, v:1, k:poo@pagamento, mode:LOCK, rate:0
2025-12-13 23:04:29, EXEC, v:1, k:poo@pagamento, mode:LOCK, rate:0
2025-12-13 23:04:29, MOVE, v:1, k:poo@pagamento, mode:BACK
2025-12-13 23:04:33, MOVE, v:1, k:poo@estacionamento, mode:PICK
